<?xml version="1.0" encoding="UTF-8"?>
<!-- Generated by org.testng.reporters.JUnitReportReporter -->
<testsuite hostname="LAPTOP-V4TP6C3C" failures="0" tests="4" name="org.testing.FireFoxBrowserTesting" time="15.026" errors="0" timestamp="22 Dec 2023 09:07:33 GMT" skipped="0">
  <testcase classname="org.testing.FireFoxBrowserTesting" name="BrowserLaunch" time="8.815"/>
  <testcase classname="org.testing.FireFoxBrowserTesting" name="UrlLaunch" time="4.158"/>
  <testcase classname="org.testing.FireFoxBrowserTesting" name="EnterCrendials" time="0.496"/>
  <testcase classname="org.testing.FireFoxBrowserTesting" name="LoginButtonClick" time="1.557"/>
</testsuite> <!-- org.testing.FireFoxBrowserTesting -->
