<?xml version="1.0" encoding="UTF-8"?>
<!-- Generated by org.testng.reporters.JUnitReportReporter -->
<testsuite hostname="LAPTOP-V4TP6C3C" failures="0" tests="4" name="org.testing.ChromeBrowserTesting" time="6.485" errors="0" timestamp="27 Dec 2023 15:04:58 GMT" skipped="0">
  <testcase classname="org.testing.ChromeBrowserTesting" name="BrowserLaunch" time="1.407"/>
  <testcase classname="org.testing.ChromeBrowserTesting" name="UrlLaunch" time="3.670"/>
  <testcase classname="org.testing.ChromeBrowserTesting" name="EnterCrendials" time="0.505"/>
  <testcase classname="org.testing.ChromeBrowserTesting" name="LoginButtonClick" time="0.903"/>
</testsuite> <!-- org.testing.ChromeBrowserTesting -->
